[2014-12-16 16:46:56] production.ERROR: exception 'PDOException' with message 'SQLSTATE[HY000] [1049] Unknown database 'fotofactura'' in /Users/gnava/Sites/fotocaloria/vendor/laravel/framework/src/Illuminate/Database/Connectors/Connector.php:47
Stack trace:
#0 /Users/gnava/Sites/fotocaloria/vendor/laravel/framework/src/Illuminate/Database/Connectors/Connector.php(47): PDO->__construct('mysql:host=loca...', 'root', '', Array)
#1 /Users/gnava/Sites/fotocaloria/vendor/laravel/framework/src/Illuminate/Database/Connectors/MySqlConnector.php(20): Illuminate\Database\Connectors\Connector->createConnection('mysql:host=loca...', Array, Array)
#2 /Users/gnava/Sites/fotocaloria/bootstrap/compiled.php(7646): Illuminate\Database\Connectors\MySqlConnector->connect(Array)
#3 /Users/gnava/Sites/fotocaloria/bootstrap/compiled.php(7642): Illuminate\Database\Connectors\ConnectionFactory->createSingleConnection(Array)
#4 /Users/gnava/Sites/fotocaloria/bootstrap/compiled.php(7554): Illuminate\Database\Connectors\ConnectionFactory->make(Array, 'mysql')
#5 /Users/gnava/Sites/fotocaloria/bootstrap/compiled.php(7509): Illuminate\Database\DatabaseManager->makeConnection('mysql')
#6 /Users/gnava/Sites/fotocaloria/vendor/laravel/framework/src/Illuminate/Database/Migrations/DatabaseMigrationRepository.php(167): Illuminate\Database\DatabaseManager->connection(NULL)
#7 /Users/gnava/Sites/fotocaloria/vendor/laravel/framework/src/Illuminate/Database/Migrations/DatabaseMigrationRepository.php(135): Illuminate\Database\Migrations\DatabaseMigrationRepository->getConnection()
#8 /Users/gnava/Sites/fotocaloria/vendor/laravel/framework/src/Illuminate/Database/Migrations/Migrator.php(371): Illuminate\Database\Migrations\DatabaseMigrationRepository->repositoryExists()
#9 /Users/gnava/Sites/fotocaloria/vendor/laravel/framework/src/Illuminate/Database/Console/Migrations/MigrateCommand.php(98): Illuminate\Database\Migrations\Migrator->repositoryExists()
#10 /Users/gnava/Sites/fotocaloria/vendor/laravel/framework/src/Illuminate/Database/Console/Migrations/MigrateCommand.php(61): Illuminate\Database\Console\Migrations\MigrateCommand->prepareDatabase()
#11 /Users/gnava/Sites/fotocaloria/vendor/laravel/framework/src/Illuminate/Console/Command.php(112): Illuminate\Database\Console\Migrations\MigrateCommand->fire()
#12 /Users/gnava/Sites/fotocaloria/vendor/symfony/console/Symfony/Component/Console/Command/Command.php(252): Illuminate\Console\Command->execute(Object(Symfony\Component\Console\Input\ArgvInput), Object(Symfony\Component\Console\Output\ConsoleOutput))
#13 /Users/gnava/Sites/fotocaloria/vendor/laravel/framework/src/Illuminate/Console/Command.php(100): Symfony\Component\Console\Command\Command->run(Object(Symfony\Component\Console\Input\ArgvInput), Object(Symfony\Component\Console\Output\ConsoleOutput))
#14 /Users/gnava/Sites/fotocaloria/vendor/symfony/console/Symfony/Component/Console/Application.php(889): Illuminate\Console\Command->run(Object(Symfony\Component\Console\Input\ArgvInput), Object(Symfony\Component\Console\Output\ConsoleOutput))
#15 /Users/gnava/Sites/fotocaloria/vendor/symfony/console/Symfony/Component/Console/Application.php(193): Symfony\Component\Console\Application->doRunCommand(Object(Illuminate\Database\Console\Migrations\MigrateCommand), Object(Symfony\Component\Console\Input\ArgvInput), Object(Symfony\Component\Console\Output\ConsoleOutput))
#16 /Users/gnava/Sites/fotocaloria/vendor/symfony/console/Symfony/Component/Console/Application.php(124): Symfony\Component\Console\Application->doRun(Object(Symfony\Component\Console\Input\ArgvInput), Object(Symfony\Component\Console\Output\ConsoleOutput))
#17 /Users/gnava/Sites/fotocaloria/artisan(59): Symfony\Component\Console\Application->run()
#18 {main} [] []
[2014-12-16 16:57:20] production.ERROR: exception 'InvalidArgumentException' with message 'View [inicio] not found.' in /Users/gnava/Sites/fotocaloria/bootstrap/compiled.php:9443
Stack trace:
#0 /Users/gnava/Sites/fotocaloria/bootstrap/compiled.php(9416): Illuminate\View\FileViewFinder->findInPaths('inicio', Array)
#1 /Users/gnava/Sites/fotocaloria/vendor/laravel/framework/src/Illuminate/View/Factory.php(124): Illuminate\View\FileViewFinder->find('inicio')
#2 /Users/gnava/Sites/fotocaloria/bootstrap/compiled.php(3247): Illuminate\View\Factory->make('inicio')
#3 /Users/gnava/Sites/fotocaloria/app/controllers/InicioController.php(24): Illuminate\Support\Facades\Facade::__callStatic('make', Array)
#4 /Users/gnava/Sites/fotocaloria/app/controllers/InicioController.php(24): Illuminate\Support\Facades\View::make('inicio')
#5 [internal function]: InicioController->inicio()
#6 /Users/gnava/Sites/fotocaloria/vendor/laravel/framework/src/Illuminate/Routing/Controller.php(231): call_user_func_array(Array, Array)
#7 /Users/gnava/Sites/fotocaloria/bootstrap/compiled.php(5789): Illuminate\Routing\Controller->callAction('inicio', Array)
#8 /Users/gnava/Sites/fotocaloria/bootstrap/compiled.php(5777): Illuminate\Routing\ControllerDispatcher->call(Object(InicioController), Object(Illuminate\Routing\Route), 'inicio')
#9 /Users/gnava/Sites/fotocaloria/bootstrap/compiled.php(4982): Illuminate\Routing\ControllerDispatcher->dispatch(Object(Illuminate\Routing\Route), Object(Illuminate\Http\Request), 'InicioControlle...', 'inicio')
#10 [internal function]: Illuminate\Routing\Router->Illuminate\Routing\{closure}()
#11 /Users/gnava/Sites/fotocaloria/bootstrap/compiled.php(5340): call_user_func_array(Object(Closure), Array)
#12 /Users/gnava/Sites/fotocaloria/bootstrap/compiled.php(5007): Illuminate\Routing\Route->run(Object(Illuminate\Http\Request))
#13 /Users/gnava/Sites/fotocaloria/bootstrap/compiled.php(4995): Illuminate\Routing\Router->dispatchToRoute(Object(Illuminate\Http\Request))
#14 /Users/gnava/Sites/fotocaloria/bootstrap/compiled.php(715): Illuminate\Routing\Router->dispatch(Object(Illuminate\Http\Request))
#15 /Users/gnava/Sites/fotocaloria/bootstrap/compiled.php(696): Illuminate\Foundation\Application->dispatch(Object(Illuminate\Http\Request))
#16 /Users/gnava/Sites/fotocaloria/bootstrap/compiled.php(7758): Illuminate\Foundation\Application->handle(Object(Illuminate\Http\Request), 1, true)
#17 /Users/gnava/Sites/fotocaloria/bootstrap/compiled.php(8365): Illuminate\Session\Middleware->handle(Object(Illuminate\Http\Request), 1, true)
#18 /Users/gnava/Sites/fotocaloria/bootstrap/compiled.php(8312): Illuminate\Cookie\Queue->handle(Object(Illuminate\Http\Request), 1, true)
#19 /Users/gnava/Sites/fotocaloria/bootstrap/compiled.php(10974): Illuminate\Cookie\Guard->handle(Object(Illuminate\Http\Request), 1, true)
#20 /Users/gnava/Sites/fotocaloria/bootstrap/compiled.php(657): Stack\StackedHttpKernel->handle(Object(Illuminate\Http\Request))
#21 /Users/gnava/Sites/fotocaloria/public/index.php(49): Illuminate\Foundation\Application->run()
#22 {main} [] []
[2014-12-16 16:57:32] production.ERROR: exception 'InvalidArgumentException' with message 'View [inicio] not found.' in /Users/gnava/Sites/fotocaloria/bootstrap/compiled.php:9443
Stack trace:
#0 /Users/gnava/Sites/fotocaloria/bootstrap/compiled.php(9416): Illuminate\View\FileViewFinder->findInPaths('inicio', Array)
#1 /Users/gnava/Sites/fotocaloria/vendor/laravel/framework/src/Illuminate/View/Factory.php(124): Illuminate\View\FileViewFinder->find('inicio')
#2 /Users/gnava/Sites/fotocaloria/bootstrap/compiled.php(3247): Illuminate\View\Factory->make('inicio')
#3 /Users/gnava/Sites/fotocaloria/app/controllers/InicioController.php(24): Illuminate\Support\Facades\Facade::__callStatic('make', Array)
#4 /Users/gnava/Sites/fotocaloria/app/controllers/InicioController.php(24): Illuminate\Support\Facades\View::make('inicio')
#5 [internal function]: InicioController->inicio()
#6 /Users/gnava/Sites/fotocaloria/vendor/laravel/framework/src/Illuminate/Routing/Controller.php(231): call_user_func_array(Array, Array)
#7 /Users/gnava/Sites/fotocaloria/bootstrap/compiled.php(5789): Illuminate\Routing\Controller->callAction('inicio', Array)
#8 /Users/gnava/Sites/fotocaloria/bootstrap/compiled.php(5777): Illuminate\Routing\ControllerDispatcher->call(Object(InicioController), Object(Illuminate\Routing\Route), 'inicio')
#9 /Users/gnava/Sites/fotocaloria/bootstrap/compiled.php(4982): Illuminate\Routing\ControllerDispatcher->dispatch(Object(Illuminate\Routing\Route), Object(Illuminate\Http\Request), 'InicioControlle...', 'inicio')
#10 [internal function]: Illuminate\Routing\Router->Illuminate\Routing\{closure}()
#11 /Users/gnava/Sites/fotocaloria/bootstrap/compiled.php(5340): call_user_func_array(Object(Closure), Array)
#12 /Users/gnava/Sites/fotocaloria/bootstrap/compiled.php(5007): Illuminate\Routing\Route->run(Object(Illuminate\Http\Request))
#13 /Users/gnava/Sites/fotocaloria/bootstrap/compiled.php(4995): Illuminate\Routing\Router->dispatchToRoute(Object(Illuminate\Http\Request))
#14 /Users/gnava/Sites/fotocaloria/bootstrap/compiled.php(715): Illuminate\Routing\Router->dispatch(Object(Illuminate\Http\Request))
#15 /Users/gnava/Sites/fotocaloria/bootstrap/compiled.php(696): Illuminate\Foundation\Application->dispatch(Object(Illuminate\Http\Request))
#16 /Users/gnava/Sites/fotocaloria/bootstrap/compiled.php(7758): Illuminate\Foundation\Application->handle(Object(Illuminate\Http\Request), 1, true)
#17 /Users/gnava/Sites/fotocaloria/bootstrap/compiled.php(8365): Illuminate\Session\Middleware->handle(Object(Illuminate\Http\Request), 1, true)
#18 /Users/gnava/Sites/fotocaloria/bootstrap/compiled.php(8312): Illuminate\Cookie\Queue->handle(Object(Illuminate\Http\Request), 1, true)
#19 /Users/gnava/Sites/fotocaloria/bootstrap/compiled.php(10974): Illuminate\Cookie\Guard->handle(Object(Illuminate\Http\Request), 1, true)
#20 /Users/gnava/Sites/fotocaloria/bootstrap/compiled.php(657): Stack\StackedHttpKernel->handle(Object(Illuminate\Http\Request))
#21 /Users/gnava/Sites/fotocaloria/public/index.php(49): Illuminate\Foundation\Application->run()
#22 {main} [] []
[2014-12-16 17:00:31] production.ERROR: exception 'Symfony\Component\HttpKernel\Exception\NotFoundHttpException' in /Users/gnava/Sites/fotocaloria/bootstrap/compiled.php:5693
Stack trace:
#0 /Users/gnava/Sites/fotocaloria/bootstrap/compiled.php(5015): Illuminate\Routing\RouteCollection->match(Object(Illuminate\Http\Request))
#1 /Users/gnava/Sites/fotocaloria/bootstrap/compiled.php(5003): Illuminate\Routing\Router->findRoute(Object(Illuminate\Http\Request))
#2 /Users/gnava/Sites/fotocaloria/bootstrap/compiled.php(4995): Illuminate\Routing\Router->dispatchToRoute(Object(Illuminate\Http\Request))
#3 /Users/gnava/Sites/fotocaloria/bootstrap/compiled.php(715): Illuminate\Routing\Router->dispatch(Object(Illuminate\Http\Request))
#4 /Users/gnava/Sites/fotocaloria/bootstrap/compiled.php(696): Illuminate\Foundation\Application->dispatch(Object(Illuminate\Http\Request))
#5 /Users/gnava/Sites/fotocaloria/bootstrap/compiled.php(7758): Illuminate\Foundation\Application->handle(Object(Illuminate\Http\Request), 1, true)
#6 /Users/gnava/Sites/fotocaloria/bootstrap/compiled.php(8365): Illuminate\Session\Middleware->handle(Object(Illuminate\Http\Request), 1, true)
#7 /Users/gnava/Sites/fotocaloria/bootstrap/compiled.php(8312): Illuminate\Cookie\Queue->handle(Object(Illuminate\Http\Request), 1, true)
#8 /Users/gnava/Sites/fotocaloria/bootstrap/compiled.php(10974): Illuminate\Cookie\Guard->handle(Object(Illuminate\Http\Request), 1, true)
#9 /Users/gnava/Sites/fotocaloria/bootstrap/compiled.php(657): Stack\StackedHttpKernel->handle(Object(Illuminate\Http\Request))
#10 /Users/gnava/Sites/fotocaloria/public/index.php(49): Illuminate\Foundation\Application->run()
#11 {main} [] []
[2014-12-16 17:00:31] production.ERROR: exception 'Symfony\Component\HttpKernel\Exception\NotFoundHttpException' in /Users/gnava/Sites/fotocaloria/bootstrap/compiled.php:5693
Stack trace:
#0 /Users/gnava/Sites/fotocaloria/bootstrap/compiled.php(5015): Illuminate\Routing\RouteCollection->match(Object(Illuminate\Http\Request))
#1 /Users/gnava/Sites/fotocaloria/bootstrap/compiled.php(5003): Illuminate\Routing\Router->findRoute(Object(Illuminate\Http\Request))
#2 /Users/gnava/Sites/fotocaloria/bootstrap/compiled.php(4995): Illuminate\Routing\Router->dispatchToRoute(Object(Illuminate\Http\Request))
#3 /Users/gnava/Sites/fotocaloria/bootstrap/compiled.php(715): Illuminate\Routing\Router->dispatch(Object(Illuminate\Http\Request))
#4 /Users/gnava/Sites/fotocaloria/bootstrap/compiled.php(696): Illuminate\Foundation\Application->dispatch(Object(Illuminate\Http\Request))
#5 /Users/gnava/Sites/fotocaloria/bootstrap/compiled.php(7758): Illuminate\Foundation\Application->handle(Object(Illuminate\Http\Request), 1, true)
#6 /Users/gnava/Sites/fotocaloria/bootstrap/compiled.php(8365): Illuminate\Session\Middleware->handle(Object(Illuminate\Http\Request), 1, true)
#7 /Users/gnava/Sites/fotocaloria/bootstrap/compiled.php(8312): Illuminate\Cookie\Queue->handle(Object(Illuminate\Http\Request), 1, true)
#8 /Users/gnava/Sites/fotocaloria/bootstrap/compiled.php(10974): Illuminate\Cookie\Guard->handle(Object(Illuminate\Http\Request), 1, true)
#9 /Users/gnava/Sites/fotocaloria/bootstrap/compiled.php(657): Stack\StackedHttpKernel->handle(Object(Illuminate\Http\Request))
#10 /Users/gnava/Sites/fotocaloria/public/index.php(49): Illuminate\Foundation\Application->run()
#11 {main} [] []
[2014-12-16 17:00:31] production.ERROR: exception 'Symfony\Component\HttpKernel\Exception\NotFoundHttpException' in /Users/gnava/Sites/fotocaloria/bootstrap/compiled.php:5693
Stack trace:
#0 /Users/gnava/Sites/fotocaloria/bootstrap/compiled.php(5015): Illuminate\Routing\RouteCollection->match(Object(Illuminate\Http\Request))
#1 /Users/gnava/Sites/fotocaloria/bootstrap/compiled.php(5003): Illuminate\Routing\Router->findRoute(Object(Illuminate\Http\Request))
#2 /Users/gnava/Sites/fotocaloria/bootstrap/compiled.php(4995): Illuminate\Routing\Router->dispatchToRoute(Object(Illuminate\Http\Request))
#3 /Users/gnava/Sites/fotocaloria/bootstrap/compiled.php(715): Illuminate\Routing\Router->dispatch(Object(Illuminate\Http\Request))
#4 /Users/gnava/Sites/fotocaloria/bootstrap/compiled.php(696): Illuminate\Foundation\Application->dispatch(Object(Illuminate\Http\Request))
#5 /Users/gnava/Sites/fotocaloria/bootstrap/compiled.php(7758): Illuminate\Foundation\Application->handle(Object(Illuminate\Http\Request), 1, true)
#6 /Users/gnava/Sites/fotocaloria/bootstrap/compiled.php(8365): Illuminate\Session\Middleware->handle(Object(Illuminate\Http\Request), 1, true)
#7 /Users/gnava/Sites/fotocaloria/bootstrap/compiled.php(8312): Illuminate\Cookie\Queue->handle(Object(Illuminate\Http\Request), 1, true)
#8 /Users/gnava/Sites/fotocaloria/bootstrap/compiled.php(10974): Illuminate\Cookie\Guard->handle(Object(Illuminate\Http\Request), 1, true)
#9 /Users/gnava/Sites/fotocaloria/bootstrap/compiled.php(657): Stack\StackedHttpKernel->handle(Object(Illuminate\Http\Request))
#10 /Users/gnava/Sites/fotocaloria/public/index.php(49): Illuminate\Foundation\Application->run()
#11 {main} [] []
[2014-12-16 17:00:31] production.ERROR: exception 'Symfony\Component\HttpKernel\Exception\NotFoundHttpException' in /Users/gnava/Sites/fotocaloria/bootstrap/compiled.php:5693
Stack trace:
#0 /Users/gnava/Sites/fotocaloria/bootstrap/compiled.php(5015): Illuminate\Routing\RouteCollection->match(Object(Illuminate\Http\Request))
#1 /Users/gnava/Sites/fotocaloria/bootstrap/compiled.php(5003): Illuminate\Routing\Router->findRoute(Object(Illuminate\Http\Request))
#2 /Users/gnava/Sites/fotocaloria/bootstrap/compiled.php(4995): Illuminate\Routing\Router->dispatchToRoute(Object(Illuminate\Http\Request))
#3 /Users/gnava/Sites/fotocaloria/bootstrap/compiled.php(715): Illuminate\Routing\Router->dispatch(Object(Illuminate\Http\Request))
#4 /Users/gnava/Sites/fotocaloria/bootstrap/compiled.php(696): Illuminate\Foundation\Application->dispatch(Object(Illuminate\Http\Request))
#5 /Users/gnava/Sites/fotocaloria/bootstrap/compiled.php(7758): Illuminate\Foundation\Application->handle(Object(Illuminate\Http\Request), 1, true)
#6 /Users/gnava/Sites/fotocaloria/bootstrap/compiled.php(8365): Illuminate\Session\Middleware->handle(Object(Illuminate\Http\Request), 1, true)
#7 /Users/gnava/Sites/fotocaloria/bootstrap/compiled.php(8312): Illuminate\Cookie\Queue->handle(Object(Illuminate\Http\Request), 1, true)
#8 /Users/gnava/Sites/fotocaloria/bootstrap/compiled.php(10974): Illuminate\Cookie\Guard->handle(Object(Illuminate\Http\Request), 1, true)
#9 /Users/gnava/Sites/fotocaloria/bootstrap/compiled.php(657): Stack\StackedHttpKernel->handle(Object(Illuminate\Http\Request))
#10 /Users/gnava/Sites/fotocaloria/public/index.php(49): Illuminate\Foundation\Application->run()
#11 {main} [] []
[2014-12-16 17:00:32] production.ERROR: exception 'Symfony\Component\HttpKernel\Exception\NotFoundHttpException' in /Users/gnava/Sites/fotocaloria/bootstrap/compiled.php:5693
Stack trace:
#0 /Users/gnava/Sites/fotocaloria/bootstrap/compiled.php(5015): Illuminate\Routing\RouteCollection->match(Object(Illuminate\Http\Request))
#1 /Users/gnava/Sites/fotocaloria/bootstrap/compiled.php(5003): Illuminate\Routing\Router->findRoute(Object(Illuminate\Http\Request))
#2 /Users/gnava/Sites/fotocaloria/bootstrap/compiled.php(4995): Illuminate\Routing\Router->dispatchToRoute(Object(Illuminate\Http\Request))
#3 /Users/gnava/Sites/fotocaloria/bootstrap/compiled.php(715): Illuminate\Routing\Router->dispatch(Object(Illuminate\Http\Request))
#4 /Users/gnava/Sites/fotocaloria/bootstrap/compiled.php(696): Illuminate\Foundation\Application->dispatch(Object(Illuminate\Http\Request))
#5 /Users/gnava/Sites/fotocaloria/bootstrap/compiled.php(7758): Illuminate\Foundation\Application->handle(Object(Illuminate\Http\Request), 1, true)
#6 /Users/gnava/Sites/fotocaloria/bootstrap/compiled.php(8365): Illuminate\Session\Middleware->handle(Object(Illuminate\Http\Request), 1, true)
#7 /Users/gnava/Sites/fotocaloria/bootstrap/compiled.php(8312): Illuminate\Cookie\Queue->handle(Object(Illuminate\Http\Request), 1, true)
#8 /Users/gnava/Sites/fotocaloria/bootstrap/compiled.php(10974): Illuminate\Cookie\Guard->handle(Object(Illuminate\Http\Request), 1, true)
#9 /Users/gnava/Sites/fotocaloria/bootstrap/compiled.php(657): Stack\StackedHttpKernel->handle(Object(Illuminate\Http\Request))
#10 /Users/gnava/Sites/fotocaloria/public/index.php(49): Illuminate\Foundation\Application->run()
#11 {main} [] []
[2014-12-16 17:00:32] production.ERROR: exception 'Symfony\Component\HttpKernel\Exception\NotFoundHttpException' in /Users/gnava/Sites/fotocaloria/bootstrap/compiled.php:5693
Stack trace:
#0 /Users/gnava/Sites/fotocaloria/bootstrap/compiled.php(5015): Illuminate\Routing\RouteCollection->match(Object(Illuminate\Http\Request))
#1 /Users/gnava/Sites/fotocaloria/bootstrap/compiled.php(5003): Illuminate\Routing\Router->findRoute(Object(Illuminate\Http\Request))
#2 /Users/gnava/Sites/fotocaloria/bootstrap/compiled.php(4995): Illuminate\Routing\Router->dispatchToRoute(Object(Illuminate\Http\Request))
#3 /Users/gnava/Sites/fotocaloria/bootstrap/compiled.php(715): Illuminate\Routing\Router->dispatch(Object(Illuminate\Http\Request))
#4 /Users/gnava/Sites/fotocaloria/bootstrap/compiled.php(696): Illuminate\Foundation\Application->dispatch(Object(Illuminate\Http\Request))
#5 /Users/gnava/Sites/fotocaloria/bootstrap/compiled.php(7758): Illuminate\Foundation\Application->handle(Object(Illuminate\Http\Request), 1, true)
#6 /Users/gnava/Sites/fotocaloria/bootstrap/compiled.php(8365): Illuminate\Session\Middleware->handle(Object(Illuminate\Http\Request), 1, true)
#7 /Users/gnava/Sites/fotocaloria/bootstrap/compiled.php(8312): Illuminate\Cookie\Queue->handle(Object(Illuminate\Http\Request), 1, true)
#8 /Users/gnava/Sites/fotocaloria/bootstrap/compiled.php(10974): Illuminate\Cookie\Guard->handle(Object(Illuminate\Http\Request), 1, true)
#9 /Users/gnava/Sites/fotocaloria/bootstrap/compiled.php(657): Stack\StackedHttpKernel->handle(Object(Illuminate\Http\Request))
#10 /Users/gnava/Sites/fotocaloria/public/index.php(49): Illuminate\Foundation\Application->run()
#11 {main} [] []
[2014-12-16 17:09:32] production.ERROR: exception 'Symfony\Component\HttpKernel\Exception\NotFoundHttpException' in /Users/gnava/Sites/fotocaloria/bootstrap/compiled.php:5693
Stack trace:
#0 /Users/gnava/Sites/fotocaloria/bootstrap/compiled.php(5015): Illuminate\Routing\RouteCollection->match(Object(Illuminate\Http\Request))
#1 /Users/gnava/Sites/fotocaloria/bootstrap/compiled.php(5003): Illuminate\Routing\Router->findRoute(Object(Illuminate\Http\Request))
#2 /Users/gnava/Sites/fotocaloria/bootstrap/compiled.php(4995): Illuminate\Routing\Router->dispatchToRoute(Object(Illuminate\Http\Request))
#3 /Users/gnava/Sites/fotocaloria/bootstrap/compiled.php(715): Illuminate\Routing\Router->dispatch(Object(Illuminate\Http\Request))
#4 /Users/gnava/Sites/fotocaloria/bootstrap/compiled.php(696): Illuminate\Foundation\Application->dispatch(Object(Illuminate\Http\Request))
#5 /Users/gnava/Sites/fotocaloria/bootstrap/compiled.php(7758): Illuminate\Foundation\Application->handle(Object(Illuminate\Http\Request), 1, true)
#6 /Users/gnava/Sites/fotocaloria/bootstrap/compiled.php(8365): Illuminate\Session\Middleware->handle(Object(Illuminate\Http\Request), 1, true)
#7 /Users/gnava/Sites/fotocaloria/bootstrap/compiled.php(8312): Illuminate\Cookie\Queue->handle(Object(Illuminate\Http\Request), 1, true)
#8 /Users/gnava/Sites/fotocaloria/bootstrap/compiled.php(10974): Illuminate\Cookie\Guard->handle(Object(Illuminate\Http\Request), 1, true)
#9 /Users/gnava/Sites/fotocaloria/bootstrap/compiled.php(657): Stack\StackedHttpKernel->handle(Object(Illuminate\Http\Request))
#10 /Users/gnava/Sites/fotocaloria/public/index.php(49): Illuminate\Foundation\Application->run()
#11 {main} [] []
[2014-12-16 17:09:32] production.ERROR: exception 'Symfony\Component\HttpKernel\Exception\NotFoundHttpException' in /Users/gnava/Sites/fotocaloria/bootstrap/compiled.php:5693
Stack trace:
#0 /Users/gnava/Sites/fotocaloria/bootstrap/compiled.php(5015): Illuminate\Routing\RouteCollection->match(Object(Illuminate\Http\Request))
#1 /Users/gnava/Sites/fotocaloria/bootstrap/compiled.php(5003): Illuminate\Routing\Router->findRoute(Object(Illuminate\Http\Request))
#2 /Users/gnava/Sites/fotocaloria/bootstrap/compiled.php(4995): Illuminate\Routing\Router->dispatchToRoute(Object(Illuminate\Http\Request))
#3 /Users/gnava/Sites/fotocaloria/bootstrap/compiled.php(715): Illuminate\Routing\Router->dispatch(Object(Illuminate\Http\Request))
#4 /Users/gnava/Sites/fotocaloria/bootstrap/compiled.php(696): Illuminate\Foundation\Application->dispatch(Object(Illuminate\Http\Request))
#5 /Users/gnava/Sites/fotocaloria/bootstrap/compiled.php(7758): Illuminate\Foundation\Application->handle(Object(Illuminate\Http\Request), 1, true)
#6 /Users/gnava/Sites/fotocaloria/bootstrap/compiled.php(8365): Illuminate\Session\Middleware->handle(Object(Illuminate\Http\Request), 1, true)
#7 /Users/gnava/Sites/fotocaloria/bootstrap/compiled.php(8312): Illuminate\Cookie\Queue->handle(Object(Illuminate\Http\Request), 1, true)
#8 /Users/gnava/Sites/fotocaloria/bootstrap/compiled.php(10974): Illuminate\Cookie\Guard->handle(Object(Illuminate\Http\Request), 1, true)
#9 /Users/gnava/Sites/fotocaloria/bootstrap/compiled.php(657): Stack\StackedHttpKernel->handle(Object(Illuminate\Http\Request))
#10 /Users/gnava/Sites/fotocaloria/public/index.php(49): Illuminate\Foundation\Application->run()
#11 {main} [] []
[2014-12-16 17:09:32] production.ERROR: exception 'Symfony\Component\HttpKernel\Exception\NotFoundHttpException' in /Users/gnava/Sites/fotocaloria/bootstrap/compiled.php:5693
Stack trace:
#0 /Users/gnava/Sites/fotocaloria/bootstrap/compiled.php(5015): Illuminate\Routing\RouteCollection->match(Object(Illuminate\Http\Request))
#1 /Users/gnava/Sites/fotocaloria/bootstrap/compiled.php(5003): Illuminate\Routing\Router->findRoute(Object(Illuminate\Http\Request))
#2 /Users/gnava/Sites/fotocaloria/bootstrap/compiled.php(4995): Illuminate\Routing\Router->dispatchToRoute(Object(Illuminate\Http\Request))
#3 /Users/gnava/Sites/fotocaloria/bootstrap/compiled.php(715): Illuminate\Routing\Router->dispatch(Object(Illuminate\Http\Request))
#4 /Users/gnava/Sites/fotocaloria/bootstrap/compiled.php(696): Illuminate\Foundation\Application->dispatch(Object(Illuminate\Http\Request))
#5 /Users/gnava/Sites/fotocaloria/bootstrap/compiled.php(7758): Illuminate\Foundation\Application->handle(Object(Illuminate\Http\Request), 1, true)
#6 /Users/gnava/Sites/fotocaloria/bootstrap/compiled.php(8365): Illuminate\Session\Middleware->handle(Object(Illuminate\Http\Request), 1, true)
#7 /Users/gnava/Sites/fotocaloria/bootstrap/compiled.php(8312): Illuminate\Cookie\Queue->handle(Object(Illuminate\Http\Request), 1, true)
#8 /Users/gnava/Sites/fotocaloria/bootstrap/compiled.php(10974): Illuminate\Cookie\Guard->handle(Object(Illuminate\Http\Request), 1, true)
#9 /Users/gnava/Sites/fotocaloria/bootstrap/compiled.php(657): Stack\StackedHttpKernel->handle(Object(Illuminate\Http\Request))
#10 /Users/gnava/Sites/fotocaloria/public/index.php(49): Illuminate\Foundation\Application->run()
#11 {main} [] []
[2014-12-16 17:09:32] production.ERROR: exception 'Symfony\Component\HttpKernel\Exception\NotFoundHttpException' in /Users/gnava/Sites/fotocaloria/bootstrap/compiled.php:5693
Stack trace:
#0 /Users/gnava/Sites/fotocaloria/bootstrap/compiled.php(5015): Illuminate\Routing\RouteCollection->match(Object(Illuminate\Http\Request))
#1 /Users/gnava/Sites/fotocaloria/bootstrap/compiled.php(5003): Illuminate\Routing\Router->findRoute(Object(Illuminate\Http\Request))
#2 /Users/gnava/Sites/fotocaloria/bootstrap/compiled.php(4995): Illuminate\Routing\Router->dispatchToRoute(Object(Illuminate\Http\Request))
#3 /Users/gnava/Sites/fotocaloria/bootstrap/compiled.php(715): Illuminate\Routing\Router->dispatch(Object(Illuminate\Http\Request))
#4 /Users/gnava/Sites/fotocaloria/bootstrap/compiled.php(696): Illuminate\Foundation\Application->dispatch(Object(Illuminate\Http\Request))
#5 /Users/gnava/Sites/fotocaloria/bootstrap/compiled.php(7758): Illuminate\Foundation\Application->handle(Object(Illuminate\Http\Request), 1, true)
#6 /Users/gnava/Sites/fotocaloria/bootstrap/compiled.php(8365): Illuminate\Session\Middleware->handle(Object(Illuminate\Http\Request), 1, true)
#7 /Users/gnava/Sites/fotocaloria/bootstrap/compiled.php(8312): Illuminate\Cookie\Queue->handle(Object(Illuminate\Http\Request), 1, true)
#8 /Users/gnava/Sites/fotocaloria/bootstrap/compiled.php(10974): Illuminate\Cookie\Guard->handle(Object(Illuminate\Http\Request), 1, true)
#9 /Users/gnava/Sites/fotocaloria/bootstrap/compiled.php(657): Stack\StackedHttpKernel->handle(Object(Illuminate\Http\Request))
#10 /Users/gnava/Sites/fotocaloria/public/index.php(49): Illuminate\Foundation\Application->run()
#11 {main} [] []
[2014-12-16 17:09:32] production.ERROR: exception 'Symfony\Component\HttpKernel\Exception\NotFoundHttpException' in /Users/gnava/Sites/fotocaloria/bootstrap/compiled.php:5693
Stack trace:
#0 /Users/gnava/Sites/fotocaloria/bootstrap/compiled.php(5015): Illuminate\Routing\RouteCollection->match(Object(Illuminate\Http\Request))
#1 /Users/gnava/Sites/fotocaloria/bootstrap/compiled.php(5003): Illuminate\Routing\Router->findRoute(Object(Illuminate\Http\Request))
#2 /Users/gnava/Sites/fotocaloria/bootstrap/compiled.php(4995): Illuminate\Routing\Router->dispatchToRoute(Object(Illuminate\Http\Request))
#3 /Users/gnava/Sites/fotocaloria/bootstrap/compiled.php(715): Illuminate\Routing\Router->dispatch(Object(Illuminate\Http\Request))
#4 /Users/gnava/Sites/fotocaloria/bootstrap/compiled.php(696): Illuminate\Foundation\Application->dispatch(Object(Illuminate\Http\Request))
#5 /Users/gnava/Sites/fotocaloria/bootstrap/compiled.php(7758): Illuminate\Foundation\Application->handle(Object(Illuminate\Http\Request), 1, true)
#6 /Users/gnava/Sites/fotocaloria/bootstrap/compiled.php(8365): Illuminate\Session\Middleware->handle(Object(Illuminate\Http\Request), 1, true)
#7 /Users/gnava/Sites/fotocaloria/bootstrap/compiled.php(8312): Illuminate\Cookie\Queue->handle(Object(Illuminate\Http\Request), 1, true)
#8 /Users/gnava/Sites/fotocaloria/bootstrap/compiled.php(10974): Illuminate\Cookie\Guard->handle(Object(Illuminate\Http\Request), 1, true)
#9 /Users/gnava/Sites/fotocaloria/bootstrap/compiled.php(657): Stack\StackedHttpKernel->handle(Object(Illuminate\Http\Request))
#10 /Users/gnava/Sites/fotocaloria/public/index.php(49): Illuminate\Foundation\Application->run()
#11 {main} [] []
[2014-12-16 17:09:32] production.ERROR: exception 'Symfony\Component\HttpKernel\Exception\NotFoundHttpException' in /Users/gnava/Sites/fotocaloria/bootstrap/compiled.php:5693
Stack trace:
#0 /Users/gnava/Sites/fotocaloria/bootstrap/compiled.php(5015): Illuminate\Routing\RouteCollection->match(Object(Illuminate\Http\Request))
#1 /Users/gnava/Sites/fotocaloria/bootstrap/compiled.php(5003): Illuminate\Routing\Router->findRoute(Object(Illuminate\Http\Request))
#2 /Users/gnava/Sites/fotocaloria/bootstrap/compiled.php(4995): Illuminate\Routing\Router->dispatchToRoute(Object(Illuminate\Http\Request))
#3 /Users/gnava/Sites/fotocaloria/bootstrap/compiled.php(715): Illuminate\Routing\Router->dispatch(Object(Illuminate\Http\Request))
#4 /Users/gnava/Sites/fotocaloria/bootstrap/compiled.php(696): Illuminate\Foundation\Application->dispatch(Object(Illuminate\Http\Request))
#5 /Users/gnava/Sites/fotocaloria/bootstrap/compiled.php(7758): Illuminate\Foundation\Application->handle(Object(Illuminate\Http\Request), 1, true)
#6 /Users/gnava/Sites/fotocaloria/bootstrap/compiled.php(8365): Illuminate\Session\Middleware->handle(Object(Illuminate\Http\Request), 1, true)
#7 /Users/gnava/Sites/fotocaloria/bootstrap/compiled.php(8312): Illuminate\Cookie\Queue->handle(Object(Illuminate\Http\Request), 1, true)
#8 /Users/gnava/Sites/fotocaloria/bootstrap/compiled.php(10974): Illuminate\Cookie\Guard->handle(Object(Illuminate\Http\Request), 1, true)
#9 /Users/gnava/Sites/fotocaloria/bootstrap/compiled.php(657): Stack\StackedHttpKernel->handle(Object(Illuminate\Http\Request))
#10 /Users/gnava/Sites/fotocaloria/public/index.php(49): Illuminate\Foundation\Application->run()
#11 {main} [] []
[2014-12-16 17:09:39] production.ERROR: exception 'Symfony\Component\HttpKernel\Exception\NotFoundHttpException' in /Users/gnava/Sites/fotocaloria/bootstrap/compiled.php:5693
Stack trace:
#0 /Users/gnava/Sites/fotocaloria/bootstrap/compiled.php(5015): Illuminate\Routing\RouteCollection->match(Object(Illuminate\Http\Request))
#1 /Users/gnava/Sites/fotocaloria/bootstrap/compiled.php(5003): Illuminate\Routing\Router->findRoute(Object(Illuminate\Http\Request))
#2 /Users/gnava/Sites/fotocaloria/bootstrap/compiled.php(4995): Illuminate\Routing\Router->dispatchToRoute(Object(Illuminate\Http\Request))
#3 /Users/gnava/Sites/fotocaloria/bootstrap/compiled.php(715): Illuminate\Routing\Router->dispatch(Object(Illuminate\Http\Request))
#4 /Users/gnava/Sites/fotocaloria/bootstrap/compiled.php(696): Illuminate\Foundation\Application->dispatch(Object(Illuminate\Http\Request))
#5 /Users/gnava/Sites/fotocaloria/bootstrap/compiled.php(7758): Illuminate\Foundation\Application->handle(Object(Illuminate\Http\Request), 1, true)
#6 /Users/gnava/Sites/fotocaloria/bootstrap/compiled.php(8365): Illuminate\Session\Middleware->handle(Object(Illuminate\Http\Request), 1, true)
#7 /Users/gnava/Sites/fotocaloria/bootstrap/compiled.php(8312): Illuminate\Cookie\Queue->handle(Object(Illuminate\Http\Request), 1, true)
#8 /Users/gnava/Sites/fotocaloria/bootstrap/compiled.php(10974): Illuminate\Cookie\Guard->handle(Object(Illuminate\Http\Request), 1, true)
#9 /Users/gnava/Sites/fotocaloria/bootstrap/compiled.php(657): Stack\StackedHttpKernel->handle(Object(Illuminate\Http\Request))
#10 /Users/gnava/Sites/fotocaloria/public/index.php(49): Illuminate\Foundation\Application->run()
#11 {main} [] []
[2014-12-16 17:09:39] production.ERROR: exception 'Symfony\Component\HttpKernel\Exception\NotFoundHttpException' in /Users/gnava/Sites/fotocaloria/bootstrap/compiled.php:5693
Stack trace:
#0 /Users/gnava/Sites/fotocaloria/bootstrap/compiled.php(5015): Illuminate\Routing\RouteCollection->match(Object(Illuminate\Http\Request))
#1 /Users/gnava/Sites/fotocaloria/bootstrap/compiled.php(5003): Illuminate\Routing\Router->findRoute(Object(Illuminate\Http\Request))
#2 /Users/gnava/Sites/fotocaloria/bootstrap/compiled.php(4995): Illuminate\Routing\Router->dispatchToRoute(Object(Illuminate\Http\Request))
#3 /Users/gnava/Sites/fotocaloria/bootstrap/compiled.php(715): Illuminate\Routing\Router->dispatch(Object(Illuminate\Http\Request))
#4 /Users/gnava/Sites/fotocaloria/bootstrap/compiled.php(696): Illuminate\Foundation\Application->dispatch(Object(Illuminate\Http\Request))
#5 /Users/gnava/Sites/fotocaloria/bootstrap/compiled.php(7758): Illuminate\Foundation\Application->handle(Object(Illuminate\Http\Request), 1, true)
#6 /Users/gnava/Sites/fotocaloria/bootstrap/compiled.php(8365): Illuminate\Session\Middleware->handle(Object(Illuminate\Http\Request), 1, true)
#7 /Users/gnava/Sites/fotocaloria/bootstrap/compiled.php(8312): Illuminate\Cookie\Queue->handle(Object(Illuminate\Http\Request), 1, true)
#8 /Users/gnava/Sites/fotocaloria/bootstrap/compiled.php(10974): Illuminate\Cookie\Guard->handle(Object(Illuminate\Http\Request), 1, true)
#9 /Users/gnava/Sites/fotocaloria/bootstrap/compiled.php(657): Stack\StackedHttpKernel->handle(Object(Illuminate\Http\Request))
#10 /Users/gnava/Sites/fotocaloria/public/index.php(49): Illuminate\Foundation\Application->run()
#11 {main} [] []
[2014-12-16 17:09:40] production.ERROR: exception 'Symfony\Component\HttpKernel\Exception\NotFoundHttpException' in /Users/gnava/Sites/fotocaloria/bootstrap/compiled.php:5693
Stack trace:
#0 /Users/gnava/Sites/fotocaloria/bootstrap/compiled.php(5015): Illuminate\Routing\RouteCollection->match(Object(Illuminate\Http\Request))
#1 /Users/gnava/Sites/fotocaloria/bootstrap/compiled.php(5003): Illuminate\Routing\Router->findRoute(Object(Illuminate\Http\Request))
#2 /Users/gnava/Sites/fotocaloria/bootstrap/compiled.php(4995): Illuminate\Routing\Router->dispatchToRoute(Object(Illuminate\Http\Request))
#3 /Users/gnava/Sites/fotocaloria/bootstrap/compiled.php(715): Illuminate\Routing\Router->dispatch(Object(Illuminate\Http\Request))
#4 /Users/gnava/Sites/fotocaloria/bootstrap/compiled.php(696): Illuminate\Foundation\Application->dispatch(Object(Illuminate\Http\Request))
#5 /Users/gnava/Sites/fotocaloria/bootstrap/compiled.php(7758): Illuminate\Foundation\Application->handle(Object(Illuminate\Http\Request), 1, true)
#6 /Users/gnava/Sites/fotocaloria/bootstrap/compiled.php(8365): Illuminate\Session\Middleware->handle(Object(Illuminate\Http\Request), 1, true)
#7 /Users/gnava/Sites/fotocaloria/bootstrap/compiled.php(8312): Illuminate\Cookie\Queue->handle(Object(Illuminate\Http\Request), 1, true)
#8 /Users/gnava/Sites/fotocaloria/bootstrap/compiled.php(10974): Illuminate\Cookie\Guard->handle(Object(Illuminate\Http\Request), 1, true)
#9 /Users/gnava/Sites/fotocaloria/bootstrap/compiled.php(657): Stack\StackedHttpKernel->handle(Object(Illuminate\Http\Request))
#10 /Users/gnava/Sites/fotocaloria/public/index.php(49): Illuminate\Foundation\Application->run()
#11 {main} [] []
[2014-12-16 17:09:40] production.ERROR: exception 'Symfony\Component\HttpKernel\Exception\NotFoundHttpException' in /Users/gnava/Sites/fotocaloria/bootstrap/compiled.php:5693
Stack trace:
#0 /Users/gnava/Sites/fotocaloria/bootstrap/compiled.php(5015): Illuminate\Routing\RouteCollection->match(Object(Illuminate\Http\Request))
#1 /Users/gnava/Sites/fotocaloria/bootstrap/compiled.php(5003): Illuminate\Routing\Router->findRoute(Object(Illuminate\Http\Request))
#2 /Users/gnava/Sites/fotocaloria/bootstrap/compiled.php(4995): Illuminate\Routing\Router->dispatchToRoute(Object(Illuminate\Http\Request))
#3 /Users/gnava/Sites/fotocaloria/bootstrap/compiled.php(715): Illuminate\Routing\Router->dispatch(Object(Illuminate\Http\Request))
#4 /Users/gnava/Sites/fotocaloria/bootstrap/compiled.php(696): Illuminate\Foundation\Application->dispatch(Object(Illuminate\Http\Request))
#5 /Users/gnava/Sites/fotocaloria/bootstrap/compiled.php(7758): Illuminate\Foundation\Application->handle(Object(Illuminate\Http\Request), 1, true)
#6 /Users/gnava/Sites/fotocaloria/bootstrap/compiled.php(8365): Illuminate\Session\Middleware->handle(Object(Illuminate\Http\Request), 1, true)
#7 /Users/gnava/Sites/fotocaloria/bootstrap/compiled.php(8312): Illuminate\Cookie\Queue->handle(Object(Illuminate\Http\Request), 1, true)
#8 /Users/gnava/Sites/fotocaloria/bootstrap/compiled.php(10974): Illuminate\Cookie\Guard->handle(Object(Illuminate\Http\Request), 1, true)
#9 /Users/gnava/Sites/fotocaloria/bootstrap/compiled.php(657): Stack\StackedHttpKernel->handle(Object(Illuminate\Http\Request))
#10 /Users/gnava/Sites/fotocaloria/public/index.php(49): Illuminate\Foundation\Application->run()
#11 {main} [] []
[2014-12-16 17:09:40] production.ERROR: exception 'Symfony\Component\HttpKernel\Exception\NotFoundHttpException' in /Users/gnava/Sites/fotocaloria/bootstrap/compiled.php:5693
Stack trace:
#0 /Users/gnava/Sites/fotocaloria/bootstrap/compiled.php(5015): Illuminate\Routing\RouteCollection->match(Object(Illuminate\Http\Request))
#1 /Users/gnava/Sites/fotocaloria/bootstrap/compiled.php(5003): Illuminate\Routing\Router->findRoute(Object(Illuminate\Http\Request))
#2 /Users/gnava/Sites/fotocaloria/bootstrap/compiled.php(4995): Illuminate\Routing\Router->dispatchToRoute(Object(Illuminate\Http\Request))
#3 /Users/gnava/Sites/fotocaloria/bootstrap/compiled.php(715): Illuminate\Routing\Router->dispatch(Object(Illuminate\Http\Request))
#4 /Users/gnava/Sites/fotocaloria/bootstrap/compiled.php(696): Illuminate\Foundation\Application->dispatch(Object(Illuminate\Http\Request))
#5 /Users/gnava/Sites/fotocaloria/bootstrap/compiled.php(7758): Illuminate\Foundation\Application->handle(Object(Illuminate\Http\Request), 1, true)
#6 /Users/gnava/Sites/fotocaloria/bootstrap/compiled.php(8365): Illuminate\Session\Middleware->handle(Object(Illuminate\Http\Request), 1, true)
#7 /Users/gnava/Sites/fotocaloria/bootstrap/compiled.php(8312): Illuminate\Cookie\Queue->handle(Object(Illuminate\Http\Request), 1, true)
#8 /Users/gnava/Sites/fotocaloria/bootstrap/compiled.php(10974): Illuminate\Cookie\Guard->handle(Object(Illuminate\Http\Request), 1, true)
#9 /Users/gnava/Sites/fotocaloria/bootstrap/compiled.php(657): Stack\StackedHttpKernel->handle(Object(Illuminate\Http\Request))
#10 /Users/gnava/Sites/fotocaloria/public/index.php(49): Illuminate\Foundation\Application->run()
#11 {main} [] []
[2014-12-16 17:09:40] production.ERROR: exception 'Symfony\Component\HttpKernel\Exception\NotFoundHttpException' in /Users/gnava/Sites/fotocaloria/bootstrap/compiled.php:5693
Stack trace:
#0 /Users/gnava/Sites/fotocaloria/bootstrap/compiled.php(5015): Illuminate\Routing\RouteCollection->match(Object(Illuminate\Http\Request))
#1 /Users/gnava/Sites/fotocaloria/bootstrap/compiled.php(5003): Illuminate\Routing\Router->findRoute(Object(Illuminate\Http\Request))
#2 /Users/gnava/Sites/fotocaloria/bootstrap/compiled.php(4995): Illuminate\Routing\Router->dispatchToRoute(Object(Illuminate\Http\Request))
#3 /Users/gnava/Sites/fotocaloria/bootstrap/compiled.php(715): Illuminate\Routing\Router->dispatch(Object(Illuminate\Http\Request))
#4 /Users/gnava/Sites/fotocaloria/bootstrap/compiled.php(696): Illuminate\Foundation\Application->dispatch(Object(Illuminate\Http\Request))
#5 /Users/gnava/Sites/fotocaloria/bootstrap/compiled.php(7758): Illuminate\Foundation\Application->handle(Object(Illuminate\Http\Request), 1, true)
#6 /Users/gnava/Sites/fotocaloria/bootstrap/compiled.php(8365): Illuminate\Session\Middleware->handle(Object(Illuminate\Http\Request), 1, true)
#7 /Users/gnava/Sites/fotocaloria/bootstrap/compiled.php(8312): Illuminate\Cookie\Queue->handle(Object(Illuminate\Http\Request), 1, true)
#8 /Users/gnava/Sites/fotocaloria/bootstrap/compiled.php(10974): Illuminate\Cookie\Guard->handle(Object(Illuminate\Http\Request), 1, true)
#9 /Users/gnava/Sites/fotocaloria/bootstrap/compiled.php(657): Stack\StackedHttpKernel->handle(Object(Illuminate\Http\Request))
#10 /Users/gnava/Sites/fotocaloria/public/index.php(49): Illuminate\Foundation\Application->run()
#11 {main} [] []
[2014-12-16 17:09:56] production.ERROR: exception 'Symfony\Component\HttpKernel\Exception\NotFoundHttpException' in /Users/gnava/Sites/fotocaloria/bootstrap/compiled.php:5693
Stack trace:
#0 /Users/gnava/Sites/fotocaloria/bootstrap/compiled.php(5015): Illuminate\Routing\RouteCollection->match(Object(Illuminate\Http\Request))
#1 /Users/gnava/Sites/fotocaloria/bootstrap/compiled.php(5003): Illuminate\Routing\Router->findRoute(Object(Illuminate\Http\Request))
#2 /Users/gnava/Sites/fotocaloria/bootstrap/compiled.php(4995): Illuminate\Routing\Router->dispatchToRoute(Object(Illuminate\Http\Request))
#3 /Users/gnava/Sites/fotocaloria/bootstrap/compiled.php(715): Illuminate\Routing\Router->dispatch(Object(Illuminate\Http\Request))
#4 /Users/gnava/Sites/fotocaloria/bootstrap/compiled.php(696): Illuminate\Foundation\Application->dispatch(Object(Illuminate\Http\Request))
#5 /Users/gnava/Sites/fotocaloria/bootstrap/compiled.php(7758): Illuminate\Foundation\Application->handle(Object(Illuminate\Http\Request), 1, true)
#6 /Users/gnava/Sites/fotocaloria/bootstrap/compiled.php(8365): Illuminate\Session\Middleware->handle(Object(Illuminate\Http\Request), 1, true)
#7 /Users/gnava/Sites/fotocaloria/bootstrap/compiled.php(8312): Illuminate\Cookie\Queue->handle(Object(Illuminate\Http\Request), 1, true)
#8 /Users/gnava/Sites/fotocaloria/bootstrap/compiled.php(10974): Illuminate\Cookie\Guard->handle(Object(Illuminate\Http\Request), 1, true)
#9 /Users/gnava/Sites/fotocaloria/bootstrap/compiled.php(657): Stack\StackedHttpKernel->handle(Object(Illuminate\Http\Request))
#10 /Users/gnava/Sites/fotocaloria/public/index.php(49): Illuminate\Foundation\Application->run()
#11 {main} [] []
[2014-12-16 17:09:56] production.ERROR: exception 'Symfony\Component\HttpKernel\Exception\NotFoundHttpException' in /Users/gnava/Sites/fotocaloria/bootstrap/compiled.php:5693
Stack trace:
#0 /Users/gnava/Sites/fotocaloria/bootstrap/compiled.php(5015): Illuminate\Routing\RouteCollection->match(Object(Illuminate\Http\Request))
#1 /Users/gnava/Sites/fotocaloria/bootstrap/compiled.php(5003): Illuminate\Routing\Router->findRoute(Object(Illuminate\Http\Request))
#2 /Users/gnava/Sites/fotocaloria/bootstrap/compiled.php(4995): Illuminate\Routing\Router->dispatchToRoute(Object(Illuminate\Http\Request))
#3 /Users/gnava/Sites/fotocaloria/bootstrap/compiled.php(715): Illuminate\Routing\Router->dispatch(Object(Illuminate\Http\Request))
#4 /Users/gnava/Sites/fotocaloria/bootstrap/compiled.php(696): Illuminate\Foundation\Application->dispatch(Object(Illuminate\Http\Request))
#5 /Users/gnava/Sites/fotocaloria/bootstrap/compiled.php(7758): Illuminate\Foundation\Application->handle(Object(Illuminate\Http\Request), 1, true)
#6 /Users/gnava/Sites/fotocaloria/bootstrap/compiled.php(8365): Illuminate\Session\Middleware->handle(Object(Illuminate\Http\Request), 1, true)
#7 /Users/gnava/Sites/fotocaloria/bootstrap/compiled.php(8312): Illuminate\Cookie\Queue->handle(Object(Illuminate\Http\Request), 1, true)
#8 /Users/gnava/Sites/fotocaloria/bootstrap/compiled.php(10974): Illuminate\Cookie\Guard->handle(Object(Illuminate\Http\Request), 1, true)
#9 /Users/gnava/Sites/fotocaloria/bootstrap/compiled.php(657): Stack\StackedHttpKernel->handle(Object(Illuminate\Http\Request))
#10 /Users/gnava/Sites/fotocaloria/public/index.php(49): Illuminate\Foundation\Application->run()
#11 {main} [] []
[2014-12-16 17:09:56] production.ERROR: exception 'Symfony\Component\HttpKernel\Exception\NotFoundHttpException' in /Users/gnava/Sites/fotocaloria/bootstrap/compiled.php:5693
Stack trace:
#0 /Users/gnava/Sites/fotocaloria/bootstrap/compiled.php(5015): Illuminate\Routing\RouteCollection->match(Object(Illuminate\Http\Request))
#1 /Users/gnava/Sites/fotocaloria/bootstrap/compiled.php(5003): Illuminate\Routing\Router->findRoute(Object(Illuminate\Http\Request))
#2 /Users/gnava/Sites/fotocaloria/bootstrap/compiled.php(4995): Illuminate\Routing\Router->dispatchToRoute(Object(Illuminate\Http\Request))
#3 /Users/gnava/Sites/fotocaloria/bootstrap/compiled.php(715): Illuminate\Routing\Router->dispatch(Object(Illuminate\Http\Request))
#4 /Users/gnava/Sites/fotocaloria/bootstrap/compiled.php(696): Illuminate\Foundation\Application->dispatch(Object(Illuminate\Http\Request))
#5 /Users/gnava/Sites/fotocaloria/bootstrap/compiled.php(7758): Illuminate\Foundation\Application->handle(Object(Illuminate\Http\Request), 1, true)
#6 /Users/gnava/Sites/fotocaloria/bootstrap/compiled.php(8365): Illuminate\Session\Middleware->handle(Object(Illuminate\Http\Request), 1, true)
#7 /Users/gnava/Sites/fotocaloria/bootstrap/compiled.php(8312): Illuminate\Cookie\Queue->handle(Object(Illuminate\Http\Request), 1, true)
#8 /Users/gnava/Sites/fotocaloria/bootstrap/compiled.php(10974): Illuminate\Cookie\Guard->handle(Object(Illuminate\Http\Request), 1, true)
#9 /Users/gnava/Sites/fotocaloria/bootstrap/compiled.php(657): Stack\StackedHttpKernel->handle(Object(Illuminate\Http\Request))
#10 /Users/gnava/Sites/fotocaloria/public/index.php(49): Illuminate\Foundation\Application->run()
#11 {main} [] []
[2014-12-16 17:09:56] production.ERROR: exception 'Symfony\Component\HttpKernel\Exception\NotFoundHttpException' in /Users/gnava/Sites/fotocaloria/bootstrap/compiled.php:5693
Stack trace:
#0 /Users/gnava/Sites/fotocaloria/bootstrap/compiled.php(5015): Illuminate\Routing\RouteCollection->match(Object(Illuminate\Http\Request))
#1 /Users/gnava/Sites/fotocaloria/bootstrap/compiled.php(5003): Illuminate\Routing\Router->findRoute(Object(Illuminate\Http\Request))
#2 /Users/gnava/Sites/fotocaloria/bootstrap/compiled.php(4995): Illuminate\Routing\Router->dispatchToRoute(Object(Illuminate\Http\Request))
#3 /Users/gnava/Sites/fotocaloria/bootstrap/compiled.php(715): Illuminate\Routing\Router->dispatch(Object(Illuminate\Http\Request))
#4 /Users/gnava/Sites/fotocaloria/bootstrap/compiled.php(696): Illuminate\Foundation\Application->dispatch(Object(Illuminate\Http\Request))
#5 /Users/gnava/Sites/fotocaloria/bootstrap/compiled.php(7758): Illuminate\Foundation\Application->handle(Object(Illuminate\Http\Request), 1, true)
#6 /Users/gnava/Sites/fotocaloria/bootstrap/compiled.php(8365): Illuminate\Session\Middleware->handle(Object(Illuminate\Http\Request), 1, true)
#7 /Users/gnava/Sites/fotocaloria/bootstrap/compiled.php(8312): Illuminate\Cookie\Queue->handle(Object(Illuminate\Http\Request), 1, true)
#8 /Users/gnava/Sites/fotocaloria/bootstrap/compiled.php(10974): Illuminate\Cookie\Guard->handle(Object(Illuminate\Http\Request), 1, true)
#9 /Users/gnava/Sites/fotocaloria/bootstrap/compiled.php(657): Stack\StackedHttpKernel->handle(Object(Illuminate\Http\Request))
#10 /Users/gnava/Sites/fotocaloria/public/index.php(49): Illuminate\Foundation\Application->run()
#11 {main} [] []
[2014-12-16 17:09:56] production.ERROR: exception 'Symfony\Component\HttpKernel\Exception\NotFoundHttpException' in /Users/gnava/Sites/fotocaloria/bootstrap/compiled.php:5693
Stack trace:
#0 /Users/gnava/Sites/fotocaloria/bootstrap/compiled.php(5015): Illuminate\Routing\RouteCollection->match(Object(Illuminate\Http\Request))
#1 /Users/gnava/Sites/fotocaloria/bootstrap/compiled.php(5003): Illuminate\Routing\Router->findRoute(Object(Illuminate\Http\Request))
#2 /Users/gnava/Sites/fotocaloria/bootstrap/compiled.php(4995): Illuminate\Routing\Router->dispatchToRoute(Object(Illuminate\Http\Request))
#3 /Users/gnava/Sites/fotocaloria/bootstrap/compiled.php(715): Illuminate\Routing\Router->dispatch(Object(Illuminate\Http\Request))
#4 /Users/gnava/Sites/fotocaloria/bootstrap/compiled.php(696): Illuminate\Foundation\Application->dispatch(Object(Illuminate\Http\Request))
#5 /Users/gnava/Sites/fotocaloria/bootstrap/compiled.php(7758): Illuminate\Foundation\Application->handle(Object(Illuminate\Http\Request), 1, true)
#6 /Users/gnava/Sites/fotocaloria/bootstrap/compiled.php(8365): Illuminate\Session\Middleware->handle(Object(Illuminate\Http\Request), 1, true)
#7 /Users/gnava/Sites/fotocaloria/bootstrap/compiled.php(8312): Illuminate\Cookie\Queue->handle(Object(Illuminate\Http\Request), 1, true)
#8 /Users/gnava/Sites/fotocaloria/bootstrap/compiled.php(10974): Illuminate\Cookie\Guard->handle(Object(Illuminate\Http\Request), 1, true)
#9 /Users/gnava/Sites/fotocaloria/bootstrap/compiled.php(657): Stack\StackedHttpKernel->handle(Object(Illuminate\Http\Request))
#10 /Users/gnava/Sites/fotocaloria/public/index.php(49): Illuminate\Foundation\Application->run()
#11 {main} [] []
[2014-12-16 17:09:56] production.ERROR: exception 'Symfony\Component\HttpKernel\Exception\NotFoundHttpException' in /Users/gnava/Sites/fotocaloria/bootstrap/compiled.php:5693
Stack trace:
#0 /Users/gnava/Sites/fotocaloria/bootstrap/compiled.php(5015): Illuminate\Routing\RouteCollection->match(Object(Illuminate\Http\Request))
#1 /Users/gnava/Sites/fotocaloria/bootstrap/compiled.php(5003): Illuminate\Routing\Router->findRoute(Object(Illuminate\Http\Request))
#2 /Users/gnava/Sites/fotocaloria/bootstrap/compiled.php(4995): Illuminate\Routing\Router->dispatchToRoute(Object(Illuminate\Http\Request))
#3 /Users/gnava/Sites/fotocaloria/bootstrap/compiled.php(715): Illuminate\Routing\Router->dispatch(Object(Illuminate\Http\Request))
#4 /Users/gnava/Sites/fotocaloria/bootstrap/compiled.php(696): Illuminate\Foundation\Application->dispatch(Object(Illuminate\Http\Request))
#5 /Users/gnava/Sites/fotocaloria/bootstrap/compiled.php(7758): Illuminate\Foundation\Application->handle(Object(Illuminate\Http\Request), 1, true)
#6 /Users/gnava/Sites/fotocaloria/bootstrap/compiled.php(8365): Illuminate\Session\Middleware->handle(Object(Illuminate\Http\Request), 1, true)
#7 /Users/gnava/Sites/fotocaloria/bootstrap/compiled.php(8312): Illuminate\Cookie\Queue->handle(Object(Illuminate\Http\Request), 1, true)
#8 /Users/gnava/Sites/fotocaloria/bootstrap/compiled.php(10974): Illuminate\Cookie\Guard->handle(Object(Illuminate\Http\Request), 1, true)
#9 /Users/gnava/Sites/fotocaloria/bootstrap/compiled.php(657): Stack\StackedHttpKernel->handle(Object(Illuminate\Http\Request))
#10 /Users/gnava/Sites/fotocaloria/public/index.php(49): Illuminate\Foundation\Application->run()
#11 {main} [] []
[2014-12-16 17:10:23] production.ERROR: exception 'Symfony\Component\HttpKernel\Exception\NotFoundHttpException' in /Users/gnava/Sites/fotocaloria/bootstrap/compiled.php:5693
Stack trace:
#0 /Users/gnava/Sites/fotocaloria/bootstrap/compiled.php(5015): Illuminate\Routing\RouteCollection->match(Object(Illuminate\Http\Request))
#1 /Users/gnava/Sites/fotocaloria/bootstrap/compiled.php(5003): Illuminate\Routing\Router->findRoute(Object(Illuminate\Http\Request))
#2 /Users/gnava/Sites/fotocaloria/bootstrap/compiled.php(4995): Illuminate\Routing\Router->dispatchToRoute(Object(Illuminate\Http\Request))
#3 /Users/gnava/Sites/fotocaloria/bootstrap/compiled.php(715): Illuminate\Routing\Router->dispatch(Object(Illuminate\Http\Request))
#4 /Users/gnava/Sites/fotocaloria/bootstrap/compiled.php(696): Illuminate\Foundation\Application->dispatch(Object(Illuminate\Http\Request))
#5 /Users/gnava/Sites/fotocaloria/bootstrap/compiled.php(7758): Illuminate\Foundation\Application->handle(Object(Illuminate\Http\Request), 1, true)
#6 /Users/gnava/Sites/fotocaloria/bootstrap/compiled.php(8365): Illuminate\Session\Middleware->handle(Object(Illuminate\Http\Request), 1, true)
#7 /Users/gnava/Sites/fotocaloria/bootstrap/compiled.php(8312): Illuminate\Cookie\Queue->handle(Object(Illuminate\Http\Request), 1, true)
#8 /Users/gnava/Sites/fotocaloria/bootstrap/compiled.php(10974): Illuminate\Cookie\Guard->handle(Object(Illuminate\Http\Request), 1, true)
#9 /Users/gnava/Sites/fotocaloria/bootstrap/compiled.php(657): Stack\StackedHttpKernel->handle(Object(Illuminate\Http\Request))
#10 /Users/gnava/Sites/fotocaloria/public/index.php(49): Illuminate\Foundation\Application->run()
#11 {main} [] []
[2014-12-16 17:10:23] production.ERROR: exception 'Symfony\Component\HttpKernel\Exception\NotFoundHttpException' in /Users/gnava/Sites/fotocaloria/bootstrap/compiled.php:5693
Stack trace:
#0 /Users/gnava/Sites/fotocaloria/bootstrap/compiled.php(5015): Illuminate\Routing\RouteCollection->match(Object(Illuminate\Http\Request))
#1 /Users/gnava/Sites/fotocaloria/bootstrap/compiled.php(5003): Illuminate\Routing\Router->findRoute(Object(Illuminate\Http\Request))
#2 /Users/gnava/Sites/fotocaloria/bootstrap/compiled.php(4995): Illuminate\Routing\Router->dispatchToRoute(Object(Illuminate\Http\Request))
#3 /Users/gnava/Sites/fotocaloria/bootstrap/compiled.php(715): Illuminate\Routing\Router->dispatch(Object(Illuminate\Http\Request))
#4 /Users/gnava/Sites/fotocaloria/bootstrap/compiled.php(696): Illuminate\Foundation\Application->dispatch(Object(Illuminate\Http\Request))
#5 /Users/gnava/Sites/fotocaloria/bootstrap/compiled.php(7758): Illuminate\Foundation\Application->handle(Object(Illuminate\Http\Request), 1, true)
#6 /Users/gnava/Sites/fotocaloria/bootstrap/compiled.php(8365): Illuminate\Session\Middleware->handle(Object(Illuminate\Http\Request), 1, true)
#7 /Users/gnava/Sites/fotocaloria/bootstrap/compiled.php(8312): Illuminate\Cookie\Queue->handle(Object(Illuminate\Http\Request), 1, true)
#8 /Users/gnava/Sites/fotocaloria/bootstrap/compiled.php(10974): Illuminate\Cookie\Guard->handle(Object(Illuminate\Http\Request), 1, true)
#9 /Users/gnava/Sites/fotocaloria/bootstrap/compiled.php(657): Stack\StackedHttpKernel->handle(Object(Illuminate\Http\Request))
#10 /Users/gnava/Sites/fotocaloria/public/index.php(49): Illuminate\Foundation\Application->run()
#11 {main} [] []
[2014-12-16 17:10:23] production.ERROR: exception 'Symfony\Component\HttpKernel\Exception\NotFoundHttpException' in /Users/gnava/Sites/fotocaloria/bootstrap/compiled.php:5693
Stack trace:
#0 /Users/gnava/Sites/fotocaloria/bootstrap/compiled.php(5015): Illuminate\Routing\RouteCollection->match(Object(Illuminate\Http\Request))
#1 /Users/gnava/Sites/fotocaloria/bootstrap/compiled.php(5003): Illuminate\Routing\Router->findRoute(Object(Illuminate\Http\Request))
#2 /Users/gnava/Sites/fotocaloria/bootstrap/compiled.php(4995): Illuminate\Routing\Router->dispatchToRoute(Object(Illuminate\Http\Request))
#3 /Users/gnava/Sites/fotocaloria/bootstrap/compiled.php(715): Illuminate\Routing\Router->dispatch(Object(Illuminate\Http\Request))
#4 /Users/gnava/Sites/fotocaloria/bootstrap/compiled.php(696): Illuminate\Foundation\Application->dispatch(Object(Illuminate\Http\Request))
#5 /Users/gnava/Sites/fotocaloria/bootstrap/compiled.php(7758): Illuminate\Foundation\Application->handle(Object(Illuminate\Http\Request), 1, true)
#6 /Users/gnava/Sites/fotocaloria/bootstrap/compiled.php(8365): Illuminate\Session\Middleware->handle(Object(Illuminate\Http\Request), 1, true)
#7 /Users/gnava/Sites/fotocaloria/bootstrap/compiled.php(8312): Illuminate\Cookie\Queue->handle(Object(Illuminate\Http\Request), 1, true)
#8 /Users/gnava/Sites/fotocaloria/bootstrap/compiled.php(10974): Illuminate\Cookie\Guard->handle(Object(Illuminate\Http\Request), 1, true)
#9 /Users/gnava/Sites/fotocaloria/bootstrap/compiled.php(657): Stack\StackedHttpKernel->handle(Object(Illuminate\Http\Request))
#10 /Users/gnava/Sites/fotocaloria/public/index.php(49): Illuminate\Foundation\Application->run()
#11 {main} [] []
[2014-12-16 17:10:23] production.ERROR: exception 'Symfony\Component\HttpKernel\Exception\NotFoundHttpException' in /Users/gnava/Sites/fotocaloria/bootstrap/compiled.php:5693
Stack trace:
#0 /Users/gnava/Sites/fotocaloria/bootstrap/compiled.php(5015): Illuminate\Routing\RouteCollection->match(Object(Illuminate\Http\Request))
#1 /Users/gnava/Sites/fotocaloria/bootstrap/compiled.php(5003): Illuminate\Routing\Router->findRoute(Object(Illuminate\Http\Request))
#2 /Users/gnava/Sites/fotocaloria/bootstrap/compiled.php(4995): Illuminate\Routing\Router->dispatchToRoute(Object(Illuminate\Http\Request))
#3 /Users/gnava/Sites/fotocaloria/bootstrap/compiled.php(715): Illuminate\Routing\Router->dispatch(Object(Illuminate\Http\Request))
#4 /Users/gnava/Sites/fotocaloria/bootstrap/compiled.php(696): Illuminate\Foundation\Application->dispatch(Object(Illuminate\Http\Request))
#5 /Users/gnava/Sites/fotocaloria/bootstrap/compiled.php(7758): Illuminate\Foundation\Application->handle(Object(Illuminate\Http\Request), 1, true)
#6 /Users/gnava/Sites/fotocaloria/bootstrap/compiled.php(8365): Illuminate\Session\Middleware->handle(Object(Illuminate\Http\Request), 1, true)
#7 /Users/gnava/Sites/fotocaloria/bootstrap/compiled.php(8312): Illuminate\Cookie\Queue->handle(Object(Illuminate\Http\Request), 1, true)
#8 /Users/gnava/Sites/fotocaloria/bootstrap/compiled.php(10974): Illuminate\Cookie\Guard->handle(Object(Illuminate\Http\Request), 1, true)
#9 /Users/gnava/Sites/fotocaloria/bootstrap/compiled.php(657): Stack\StackedHttpKernel->handle(Object(Illuminate\Http\Request))
#10 /Users/gnava/Sites/fotocaloria/public/index.php(49): Illuminate\Foundation\Application->run()
#11 {main} [] []
[2014-12-16 17:10:23] production.ERROR: exception 'Symfony\Component\HttpKernel\Exception\NotFoundHttpException' in /Users/gnava/Sites/fotocaloria/bootstrap/compiled.php:5693
Stack trace:
#0 /Users/gnava/Sites/fotocaloria/bootstrap/compiled.php(5015): Illuminate\Routing\RouteCollection->match(Object(Illuminate\Http\Request))
#1 /Users/gnava/Sites/fotocaloria/bootstrap/compiled.php(5003): Illuminate\Routing\Router->findRoute(Object(Illuminate\Http\Request))
#2 /Users/gnava/Sites/fotocaloria/bootstrap/compiled.php(4995): Illuminate\Routing\Router->dispatchToRoute(Object(Illuminate\Http\Request))
#3 /Users/gnava/Sites/fotocaloria/bootstrap/compiled.php(715): Illuminate\Routing\Router->dispatch(Object(Illuminate\Http\Request))
#4 /Users/gnava/Sites/fotocaloria/bootstrap/compiled.php(696): Illuminate\Foundation\Application->dispatch(Object(Illuminate\Http\Request))
#5 /Users/gnava/Sites/fotocaloria/bootstrap/compiled.php(7758): Illuminate\Foundation\Application->handle(Object(Illuminate\Http\Request), 1, true)
#6 /Users/gnava/Sites/fotocaloria/bootstrap/compiled.php(8365): Illuminate\Session\Middleware->handle(Object(Illuminate\Http\Request), 1, true)
#7 /Users/gnava/Sites/fotocaloria/bootstrap/compiled.php(8312): Illuminate\Cookie\Queue->handle(Object(Illuminate\Http\Request), 1, true)
#8 /Users/gnava/Sites/fotocaloria/bootstrap/compiled.php(10974): Illuminate\Cookie\Guard->handle(Object(Illuminate\Http\Request), 1, true)
#9 /Users/gnava/Sites/fotocaloria/bootstrap/compiled.php(657): Stack\StackedHttpKernel->handle(Object(Illuminate\Http\Request))
#10 /Users/gnava/Sites/fotocaloria/public/index.php(49): Illuminate\Foundation\Application->run()
#11 {main} [] []
[2014-12-16 17:10:23] production.ERROR: exception 'Symfony\Component\HttpKernel\Exception\NotFoundHttpException' in /Users/gnava/Sites/fotocaloria/bootstrap/compiled.php:5693
Stack trace:
#0 /Users/gnava/Sites/fotocaloria/bootstrap/compiled.php(5015): Illuminate\Routing\RouteCollection->match(Object(Illuminate\Http\Request))
#1 /Users/gnava/Sites/fotocaloria/bootstrap/compiled.php(5003): Illuminate\Routing\Router->findRoute(Object(Illuminate\Http\Request))
#2 /Users/gnava/Sites/fotocaloria/bootstrap/compiled.php(4995): Illuminate\Routing\Router->dispatchToRoute(Object(Illuminate\Http\Request))
#3 /Users/gnava/Sites/fotocaloria/bootstrap/compiled.php(715): Illuminate\Routing\Router->dispatch(Object(Illuminate\Http\Request))
#4 /Users/gnava/Sites/fotocaloria/bootstrap/compiled.php(696): Illuminate\Foundation\Application->dispatch(Object(Illuminate\Http\Request))
#5 /Users/gnava/Sites/fotocaloria/bootstrap/compiled.php(7758): Illuminate\Foundation\Application->handle(Object(Illuminate\Http\Request), 1, true)
#6 /Users/gnava/Sites/fotocaloria/bootstrap/compiled.php(8365): Illuminate\Session\Middleware->handle(Object(Illuminate\Http\Request), 1, true)
#7 /Users/gnava/Sites/fotocaloria/bootstrap/compiled.php(8312): Illuminate\Cookie\Queue->handle(Object(Illuminate\Http\Request), 1, true)
#8 /Users/gnava/Sites/fotocaloria/bootstrap/compiled.php(10974): Illuminate\Cookie\Guard->handle(Object(Illuminate\Http\Request), 1, true)
#9 /Users/gnava/Sites/fotocaloria/bootstrap/compiled.php(657): Stack\StackedHttpKernel->handle(Object(Illuminate\Http\Request))
#10 /Users/gnava/Sites/fotocaloria/public/index.php(49): Illuminate\Foundation\Application->run()
#11 {main} [] []
[2014-12-16 18:15:45] production.ERROR: exception 'Symfony\Component\HttpKernel\Exception\NotFoundHttpException' in /Users/gnava/Sites/fotocaloria/bootstrap/compiled.php:5693
Stack trace:
#0 /Users/gnava/Sites/fotocaloria/bootstrap/compiled.php(5015): Illuminate\Routing\RouteCollection->match(Object(Illuminate\Http\Request))
#1 /Users/gnava/Sites/fotocaloria/bootstrap/compiled.php(5003): Illuminate\Routing\Router->findRoute(Object(Illuminate\Http\Request))
#2 /Users/gnava/Sites/fotocaloria/bootstrap/compiled.php(4995): Illuminate\Routing\Router->dispatchToRoute(Object(Illuminate\Http\Request))
#3 /Users/gnava/Sites/fotocaloria/bootstrap/compiled.php(715): Illuminate\Routing\Router->dispatch(Object(Illuminate\Http\Request))
#4 /Users/gnava/Sites/fotocaloria/bootstrap/compiled.php(696): Illuminate\Foundation\Application->dispatch(Object(Illuminate\Http\Request))
#5 /Users/gnava/Sites/fotocaloria/bootstrap/compiled.php(7758): Illuminate\Foundation\Application->handle(Object(Illuminate\Http\Request), 1, true)
#6 /Users/gnava/Sites/fotocaloria/bootstrap/compiled.php(8365): Illuminate\Session\Middleware->handle(Object(Illuminate\Http\Request), 1, true)
#7 /Users/gnava/Sites/fotocaloria/bootstrap/compiled.php(8312): Illuminate\Cookie\Queue->handle(Object(Illuminate\Http\Request), 1, true)
#8 /Users/gnava/Sites/fotocaloria/bootstrap/compiled.php(10974): Illuminate\Cookie\Guard->handle(Object(Illuminate\Http\Request), 1, true)
#9 /Users/gnava/Sites/fotocaloria/bootstrap/compiled.php(657): Stack\StackedHttpKernel->handle(Object(Illuminate\Http\Request))
#10 /Users/gnava/Sites/fotocaloria/public/index.php(49): Illuminate\Foundation\Application->run()
#11 {main} [] []
[2014-12-16 18:15:45] production.ERROR: exception 'Symfony\Component\HttpKernel\Exception\NotFoundHttpException' in /Users/gnava/Sites/fotocaloria/bootstrap/compiled.php:5693
Stack trace:
#0 /Users/gnava/Sites/fotocaloria/bootstrap/compiled.php(5015): Illuminate\Routing\RouteCollection->match(Object(Illuminate\Http\Request))
#1 /Users/gnava/Sites/fotocaloria/bootstrap/compiled.php(5003): Illuminate\Routing\Router->findRoute(Object(Illuminate\Http\Request))
#2 /Users/gnava/Sites/fotocaloria/bootstrap/compiled.php(4995): Illuminate\Routing\Router->dispatchToRoute(Object(Illuminate\Http\Request))
#3 /Users/gnava/Sites/fotocaloria/bootstrap/compiled.php(715): Illuminate\Routing\Router->dispatch(Object(Illuminate\Http\Request))
#4 /Users/gnava/Sites/fotocaloria/bootstrap/compiled.php(696): Illuminate\Foundation\Application->dispatch(Object(Illuminate\Http\Request))
#5 /Users/gnava/Sites/fotocaloria/bootstrap/compiled.php(7758): Illuminate\Foundation\Application->handle(Object(Illuminate\Http\Request), 1, true)
#6 /Users/gnava/Sites/fotocaloria/bootstrap/compiled.php(8365): Illuminate\Session\Middleware->handle(Object(Illuminate\Http\Request), 1, true)
#7 /Users/gnava/Sites/fotocaloria/bootstrap/compiled.php(8312): Illuminate\Cookie\Queue->handle(Object(Illuminate\Http\Request), 1, true)
#8 /Users/gnava/Sites/fotocaloria/bootstrap/compiled.php(10974): Illuminate\Cookie\Guard->handle(Object(Illuminate\Http\Request), 1, true)
#9 /Users/gnava/Sites/fotocaloria/bootstrap/compiled.php(657): Stack\StackedHttpKernel->handle(Object(Illuminate\Http\Request))
#10 /Users/gnava/Sites/fotocaloria/public/index.php(49): Illuminate\Foundation\Application->run()
#11 {main} [] []
[2014-12-16 18:15:45] production.ERROR: exception 'Symfony\Component\HttpKernel\Exception\NotFoundHttpException' in /Users/gnava/Sites/fotocaloria/bootstrap/compiled.php:5693
Stack trace:
#0 /Users/gnava/Sites/fotocaloria/bootstrap/compiled.php(5015): Illuminate\Routing\RouteCollection->match(Object(Illuminate\Http\Request))
#1 /Users/gnava/Sites/fotocaloria/bootstrap/compiled.php(5003): Illuminate\Routing\Router->findRoute(Object(Illuminate\Http\Request))
#2 /Users/gnava/Sites/fotocaloria/bootstrap/compiled.php(4995): Illuminate\Routing\Router->dispatchToRoute(Object(Illuminate\Http\Request))
#3 /Users/gnava/Sites/fotocaloria/bootstrap/compiled.php(715): Illuminate\Routing\Router->dispatch(Object(Illuminate\Http\Request))
#4 /Users/gnava/Sites/fotocaloria/bootstrap/compiled.php(696): Illuminate\Foundation\Application->dispatch(Object(Illuminate\Http\Request))
#5 /Users/gnava/Sites/fotocaloria/bootstrap/compiled.php(7758): Illuminate\Foundation\Application->handle(Object(Illuminate\Http\Request), 1, true)
#6 /Users/gnava/Sites/fotocaloria/bootstrap/compiled.php(8365): Illuminate\Session\Middleware->handle(Object(Illuminate\Http\Request), 1, true)
#7 /Users/gnava/Sites/fotocaloria/bootstrap/compiled.php(8312): Illuminate\Cookie\Queue->handle(Object(Illuminate\Http\Request), 1, true)
#8 /Users/gnava/Sites/fotocaloria/bootstrap/compiled.php(10974): Illuminate\Cookie\Guard->handle(Object(Illuminate\Http\Request), 1, true)
#9 /Users/gnava/Sites/fotocaloria/bootstrap/compiled.php(657): Stack\StackedHttpKernel->handle(Object(Illuminate\Http\Request))
#10 /Users/gnava/Sites/fotocaloria/public/index.php(49): Illuminate\Foundation\Application->run()
#11 {main} [] []
[2014-12-16 18:15:45] production.ERROR: exception 'Symfony\Component\HttpKernel\Exception\NotFoundHttpException' in /Users/gnava/Sites/fotocaloria/bootstrap/compiled.php:5693
Stack trace:
#0 /Users/gnava/Sites/fotocaloria/bootstrap/compiled.php(5015): Illuminate\Routing\RouteCollection->match(Object(Illuminate\Http\Request))
#1 /Users/gnava/Sites/fotocaloria/bootstrap/compiled.php(5003): Illuminate\Routing\Router->findRoute(Object(Illuminate\Http\Request))
#2 /Users/gnava/Sites/fotocaloria/bootstrap/compiled.php(4995): Illuminate\Routing\Router->dispatchToRoute(Object(Illuminate\Http\Request))
#3 /Users/gnava/Sites/fotocaloria/bootstrap/compiled.php(715): Illuminate\Routing\Router->dispatch(Object(Illuminate\Http\Request))
#4 /Users/gnava/Sites/fotocaloria/bootstrap/compiled.php(696): Illuminate\Foundation\Application->dispatch(Object(Illuminate\Http\Request))
#5 /Users/gnava/Sites/fotocaloria/bootstrap/compiled.php(7758): Illuminate\Foundation\Application->handle(Object(Illuminate\Http\Request), 1, true)
#6 /Users/gnava/Sites/fotocaloria/bootstrap/compiled.php(8365): Illuminate\Session\Middleware->handle(Object(Illuminate\Http\Request), 1, true)
#7 /Users/gnava/Sites/fotocaloria/bootstrap/compiled.php(8312): Illuminate\Cookie\Queue->handle(Object(Illuminate\Http\Request), 1, true)
#8 /Users/gnava/Sites/fotocaloria/bootstrap/compiled.php(10974): Illuminate\Cookie\Guard->handle(Object(Illuminate\Http\Request), 1, true)
#9 /Users/gnava/Sites/fotocaloria/bootstrap/compiled.php(657): Stack\StackedHttpKernel->handle(Object(Illuminate\Http\Request))
#10 /Users/gnava/Sites/fotocaloria/public/index.php(49): Illuminate\Foundation\Application->run()
#11 {main} [] []
[2014-12-16 18:15:45] production.ERROR: exception 'Symfony\Component\HttpKernel\Exception\NotFoundHttpException' in /Users/gnava/Sites/fotocaloria/bootstrap/compiled.php:5693
Stack trace:
#0 /Users/gnava/Sites/fotocaloria/bootstrap/compiled.php(5015): Illuminate\Routing\RouteCollection->match(Object(Illuminate\Http\Request))
#1 /Users/gnava/Sites/fotocaloria/bootstrap/compiled.php(5003): Illuminate\Routing\Router->findRoute(Object(Illuminate\Http\Request))
#2 /Users/gnava/Sites/fotocaloria/bootstrap/compiled.php(4995): Illuminate\Routing\Router->dispatchToRoute(Object(Illuminate\Http\Request))
#3 /Users/gnava/Sites/fotocaloria/bootstrap/compiled.php(715): Illuminate\Routing\Router->dispatch(Object(Illuminate\Http\Request))
#4 /Users/gnava/Sites/fotocaloria/bootstrap/compiled.php(696): Illuminate\Foundation\Application->dispatch(Object(Illuminate\Http\Request))
#5 /Users/gnava/Sites/fotocaloria/bootstrap/compiled.php(7758): Illuminate\Foundation\Application->handle(Object(Illuminate\Http\Request), 1, true)
#6 /Users/gnava/Sites/fotocaloria/bootstrap/compiled.php(8365): Illuminate\Session\Middleware->handle(Object(Illuminate\Http\Request), 1, true)
#7 /Users/gnava/Sites/fotocaloria/bootstrap/compiled.php(8312): Illuminate\Cookie\Queue->handle(Object(Illuminate\Http\Request), 1, true)
#8 /Users/gnava/Sites/fotocaloria/bootstrap/compiled.php(10974): Illuminate\Cookie\Guard->handle(Object(Illuminate\Http\Request), 1, true)
#9 /Users/gnava/Sites/fotocaloria/bootstrap/compiled.php(657): Stack\StackedHttpKernel->handle(Object(Illuminate\Http\Request))
#10 /Users/gnava/Sites/fotocaloria/public/index.php(49): Illuminate\Foundation\Application->run()
#11 {main} [] []
[2014-12-16 18:15:45] production.ERROR: exception 'Symfony\Component\HttpKernel\Exception\NotFoundHttpException' in /Users/gnava/Sites/fotocaloria/bootstrap/compiled.php:5693
Stack trace:
#0 /Users/gnava/Sites/fotocaloria/bootstrap/compiled.php(5015): Illuminate\Routing\RouteCollection->match(Object(Illuminate\Http\Request))
#1 /Users/gnava/Sites/fotocaloria/bootstrap/compiled.php(5003): Illuminate\Routing\Router->findRoute(Object(Illuminate\Http\Request))
#2 /Users/gnava/Sites/fotocaloria/bootstrap/compiled.php(4995): Illuminate\Routing\Router->dispatchToRoute(Object(Illuminate\Http\Request))
#3 /Users/gnava/Sites/fotocaloria/bootstrap/compiled.php(715): Illuminate\Routing\Router->dispatch(Object(Illuminate\Http\Request))
#4 /Users/gnava/Sites/fotocaloria/bootstrap/compiled.php(696): Illuminate\Foundation\Application->dispatch(Object(Illuminate\Http\Request))
#5 /Users/gnava/Sites/fotocaloria/bootstrap/compiled.php(7758): Illuminate\Foundation\Application->handle(Object(Illuminate\Http\Request), 1, true)
#6 /Users/gnava/Sites/fotocaloria/bootstrap/compiled.php(8365): Illuminate\Session\Middleware->handle(Object(Illuminate\Http\Request), 1, true)
#7 /Users/gnava/Sites/fotocaloria/bootstrap/compiled.php(8312): Illuminate\Cookie\Queue->handle(Object(Illuminate\Http\Request), 1, true)
#8 /Users/gnava/Sites/fotocaloria/bootstrap/compiled.php(10974): Illuminate\Cookie\Guard->handle(Object(Illuminate\Http\Request), 1, true)
#9 /Users/gnava/Sites/fotocaloria/bootstrap/compiled.php(657): Stack\StackedHttpKernel->handle(Object(Illuminate\Http\Request))
#10 /Users/gnava/Sites/fotocaloria/public/index.php(49): Illuminate\Foundation\Application->run()
#11 {main} [] []
